{
  "RSpec": {
    "coverage": {
      "/Users/abdulmughni/Documents/proj/visits/spec/factories/visit.rb": {
        "lines": [
          null,
          null,
          1,
          1,
          10,
          5,
          null,
          null
        ]
      },
      "/Users/abdulmughni/Documents/proj/visits/spec/factories/visits_list.rb": {
        "lines": [
          null,
          null,
          1,
          1,
          1,
          null,
          null
        ]
      },
      "/Users/abdulmughni/Documents/proj/visits/spec/visit_spec.rb": {
        "lines": [
          null,
          null,
          1,
          null,
          1,
          null,
          null,
          null,
          null,
          1,
          1,
          1,
          1,
          null,
          null,
          1,
          1,
          1,
          null,
          null,
          null,
          1,
          1,
          1,
          null,
          null,
          null,
          1,
          1,
          2,
          null,
          null,
          null,
          1,
          1,
          1,
          1,
          null,
          null,
          null,
          1,
          1,
          2,
          null,
          null,
          null,
          1,
          1,
          2,
          null,
          null,
          null,
          1,
          1,
          2,
          null,
          null,
          null,
          1,
          1,
          2,
          null,
          null,
          null,
          1,
          1,
          1,
          1,
          null,
          null,
          null,
          1,
          1,
          2,
          null,
          null,
          null,
          1,
          1,
          1,
          1,
          null,
          null,
          null
        ]
      },
      "/Users/abdulmughni/Documents/proj/visits/lib/visit.rb": {
        "lines": [
          null,
          null,
          null,
          1,
          1,
          null,
          1,
          1,
          null,
          1,
          12,
          null,
          11,
          null,
          null,
          1,
          11,
          null,
          6,
          null,
          null
        ]
      },
      "/Users/abdulmughni/Documents/proj/visits/lib/exceptions.rb": {
        "lines": [
          null,
          null,
          null,
          1,
          null
        ]
      },
      "/Users/abdulmughni/Documents/proj/visits/lib/validator.rb": {
        "lines": [
          null,
          null,
          null,
          null,
          1,
          1,
          null,
          1,
          1,
          null,
          1,
          21,
          21,
          null,
          null,
          1,
          12,
          null,
          null,
          1,
          9,
          null,
          null
        ]
      },
      "/Users/abdulmughni/Documents/proj/visits/spec/visits_list_spec.rb": {
        "lines": [
          null,
          null,
          1,
          1,
          null,
          1,
          1,
          6,
          null,
          null,
          null,
          null,
          null,
          null,
          1,
          1,
          1,
          null,
          null,
          1,
          1,
          null,
          null,
          1,
          1,
          null,
          null,
          null,
          1,
          1,
          1,
          null,
          null,
          null,
          1,
          1,
          1,
          1,
          null,
          null,
          null,
          1,
          1,
          1,
          1,
          null,
          null,
          null,
          1,
          6,
          72,
          72,
          72,
          null,
          null,
          6,
          null,
          null,
          1,
          120,
          96,
          null,
          null,
          1,
          6,
          null,
          null
        ]
      },
      "/Users/abdulmughni/Documents/proj/visits/lib/visits_list.rb": {
        "lines": [
          null,
          null,
          null,
          1,
          1,
          null,
          null,
          1,
          1,
          null,
          1,
          4,
          4,
          null,
          null,
          1,
          4,
          4,
          null,
          null,
          1,
          null,
          1,
          2,
          2,
          24,
          24,
          null,
          2,
          null,
          null
        ]
      }
    },
    "timestamp": 1648744163
  }
}
